# JRE version: OpenJDK Runtime Environment (11.0.16+8) (build 11.0.16+8-post-Ubuntu-0ubuntu122.04)
# Java VM: OpenJDK 64-Bit Server VM (11.0.16+8-post-Ubuntu-0ubuntu122.04, mixed mode, sharing, tiered, compressed oops, g1 gc, linux-amd64)
Heap:
 garbage-first heap   total 300032K, used 58398K [0x000000070f600000, 0x0000000800000000)
  region size 1024K, 25 young (25600K), 7 survivors (7168K)
 Metaspace       used 58513K, capacity 61747K, committed 61824K, reserved 1101824K
  class space    used 7962K, capacity 9288K, committed 9344K, reserved 1048576K
GC Heap History (12 events):
Event: 0,250 GC heap before
{Heap before GC invocations=0 (full 0):
 garbage-first heap   total 249856K, used 25292K [0x000000070f600000, 0x0000000800000000)
  region size 1024K, 24 young (24576K), 0 survivors (0K)
 Metaspace       used 5188K, capacity 8043K, committed 8320K, reserved 1056768K
  class space    used 503K, capacity 806K, committed 896K, reserved 1048576K
}
Event: 0,254 GC heap after
{Heap after GC invocations=1 (full 0):
 garbage-first heap   total 249856K, used 6770K [0x000000070f600000, 0x0000000800000000)
  region size 1024K, 3 young (3072K), 3 survivors (3072K)
 Metaspace       used 5188K, capacity 8043K, committed 8320K, reserved 1056768K
  class space    used 503K, capacity 806K, committed 896K, reserved 1048576K
}
Event: 1,004 GC heap before
{Heap before GC invocations=1 (full 0):
 garbage-first heap   total 249856K, used 99954K [0x000000070f600000, 0x0000000800000000)
  region size 1024K, 93 young (95232K), 3 survivors (3072K)
 Metaspace       used 20253K, capacity 21084K, committed 21248K, reserved 1067008K
  class space    used 2420K, capacity 2720K, committed 2816K, reserved 1048576K
}
Event: 1,012 GC heap after
{Heap after GC invocations=2 (full 0):
 garbage-first heap   total 249856K, used 20827K [0x000000070f600000, 0x0000000800000000)
  region size 1024K, 15 young (15360K), 15 survivors (15360K)
 Metaspace       used 20253K, capacity 21084K, committed 21248K, reserved 1067008K
  class space    used 2420K, capacity 2720K, committed 2816K, reserved 1048576K
}
Event: 1,625 GC heap before
{Heap before GC invocations=3 (full 0):
 garbage-first heap   total 249856K, used 76123K [0x000000070f600000, 0x0000000800000000)
  region size 1024K, 70 young (71680K), 15 survivors (15360K)
 Metaspace       used 34366K, capacity 35676K, committed 35840K, reserved 1079296K
  class space    used 4698K, capacity 5260K, committed 5376K, reserved 1048576K
}
Event: 1,632 GC heap after
{Heap after GC invocations=4 (full 0):
 garbage-first heap   total 249856K, used 24095K [0x000000070f600000, 0x0000000800000000)
  region size 1024K, 4 young (4096K), 4 survivors (4096K)
 Metaspace       used 34366K, capacity 35676K, committed 35840K, reserved 1079296K
  class space    used 4698K, capacity 5260K, committed 5376K, reserved 1048576K
}
Event: 2,094 GC heap before
{Heap before GC invocations=5 (full 0):
 garbage-first heap   total 249856K, used 120351K [0x000000070f600000, 0x0000000800000000)
  region size 1024K, 98 young (100352K), 4 survivors (4096K)
 Metaspace       used 50322K, capacity 52783K, committed 52992K, reserved 1093632K
  class space    used 6920K, capacity 7924K, committed 7936K, reserved 1048576K
}
Event: 2,099 GC heap after
{Heap after GC invocations=6 (full 0):
 garbage-first heap   total 249856K, used 32656K [0x000000070f600000, 0x0000000800000000)
  region size 1024K, 13 young (13312K), 13 survivors (13312K)
 Metaspace       used 50322K, capacity 52783K, committed 52992K, reserved 1093632K
  class space    used 6920K, capacity 7924K, committed 7936K, reserved 1048576K
}
Event: 2,333 GC heap before
{Heap before GC invocations=6 (full 0):
 garbage-first heap   total 249856K, used 81808K [0x000000070f600000, 0x0000000800000000)
  region size 1024K, 63 young (64512K), 13 survivors (13312K)
 Metaspace       used 56906K, capacity 60050K, committed 60160K, reserved 1099776K
  class space    used 7791K, capacity 9106K, committed 9216K, reserved 1048576K
}
Event: 2,342 GC heap after
{Heap after GC invocations=7 (full 0):
 garbage-first heap   total 300032K, used 36361K [0x000000070f600000, 0x0000000800000000)
  region size 1024K, 5 young (5120K), 5 survivors (5120K)
 Metaspace       used 56906K, capacity 60050K, committed 60160K, reserved 1099776K
  class space    used 7791K, capacity 9106K, committed 9216K, reserved 1048576K
}
Event: 2,837 GC heap before
{Heap before GC invocations=8 (full 0):
 garbage-first heap   total 300032K, used 168457K [0x000000070f600000, 0x0000000800000000)
  region size 1024K, 130 young (133120K), 5 survivors (5120K)
 Metaspace       used 58467K, capacity 61730K, committed 61824K, reserved 1101824K
  class space    used 7957K, capacity 9283K, committed 9344K, reserved 1048576K
}
Event: 2,841 GC heap after
{Heap after GC invocations=9 (full 0):
 garbage-first heap   total 300032K, used 40990K [0x000000070f600000, 0x0000000800000000)
  region size 1024K, 7 young (7168K), 7 survivors (7168K)
 Metaspace       used 58467K, capacity 61730K, committed 61824K, reserved 1101824K
  class space    used 7957K, capacity 9283K, committed 9344K, reserved 1048576K
}

