# JRE version: OpenJDK Runtime Environment (11.0.16+8) (build 11.0.16+8-post-Ubuntu-0ubuntu122.04)
# Java VM: OpenJDK 64-Bit Server VM (11.0.16+8-post-Ubuntu-0ubuntu122.04, mixed mode, sharing, tiered, compressed oops, g1 gc, linux-amd64)
Heap:
 garbage-first heap   total 300032K, used 186897K [0x000000070f600000, 0x0000000800000000)
  region size 1024K, 157 young (160768K), 13 survivors (13312K)
 Metaspace       used 58840K, capacity 62371K, committed 62540K, reserved 1101824K
  class space    used 8060K, capacity 9462K, committed 9548K, reserved 1048576K
GC Heap History (10 events):
Event: 0,246 GC heap before
{Heap before GC invocations=0 (full 0):
 garbage-first heap   total 249856K, used 25292K [0x000000070f600000, 0x0000000800000000)
  region size 1024K, 24 young (24576K), 0 survivors (0K)
 Metaspace       used 5291K, capacity 8171K, committed 8320K, reserved 1056768K
  class space    used 519K, capacity 806K, committed 896K, reserved 1048576K
}
Event: 0,250 GC heap after
{Heap after GC invocations=1 (full 0):
 garbage-first heap   total 249856K, used 6893K [0x000000070f600000, 0x0000000800000000)
  region size 1024K, 3 young (3072K), 3 survivors (3072K)
 Metaspace       used 5291K, capacity 8171K, committed 8320K, reserved 1056768K
  class space    used 519K, capacity 806K, committed 896K, reserved 1048576K
}
Event: 1,097 GC heap before
{Heap before GC invocations=1 (full 0):
 garbage-first heap   total 249856K, used 100077K [0x000000070f600000, 0x0000000800000000)
  region size 1024K, 93 young (95232K), 3 survivors (3072K)
 Metaspace       used 20249K, capacity 21084K, committed 21248K, reserved 1067008K
  class space    used 2420K, capacity 2720K, committed 2816K, reserved 1048576K
}
Event: 1,106 GC heap after
{Heap after GC invocations=2 (full 0):
 garbage-first heap   total 249856K, used 20386K [0x000000070f600000, 0x0000000800000000)
  region size 1024K, 15 young (15360K), 15 survivors (15360K)
 Metaspace       used 20249K, capacity 21084K, committed 21248K, reserved 1067008K
  class space    used 2420K, capacity 2720K, committed 2816K, reserved 1048576K
}
Event: 1,685 GC heap before
{Heap before GC invocations=3 (full 0):
 garbage-first heap   total 249856K, used 74658K [0x000000070f600000, 0x0000000800000000)
  region size 1024K, 70 young (71680K), 15 survivors (15360K)
 Metaspace       used 34363K, capacity 35673K, committed 35840K, reserved 1079296K
  class space    used 4698K, capacity 5259K, committed 5376K, reserved 1048576K
}
Event: 1,693 GC heap after
{Heap after GC invocations=4 (full 0):
 garbage-first heap   total 249856K, used 24407K [0x000000070f600000, 0x0000000800000000)
  region size 1024K, 5 young (5120K), 5 survivors (5120K)
 Metaspace       used 34363K, capacity 35673K, committed 35840K, reserved 1079296K
  class space    used 4698K, capacity 5259K, committed 5376K, reserved 1048576K
}
Event: 2,150 GC heap before
{Heap before GC invocations=5 (full 0):
 garbage-first heap   total 249856K, used 124759K [0x000000070f600000, 0x0000000800000000)
  region size 1024K, 104 young (106496K), 5 survivors (5120K)
 Metaspace       used 50966K, capacity 53482K, committed 53760K, reserved 1095680K
  class space    used 7012K, capacity 8079K, committed 8192K, reserved 1048576K
}
Event: 2,155 GC heap after
{Heap after GC invocations=6 (full 0):
 garbage-first heap   total 249856K, used 33192K [0x000000070f600000, 0x0000000800000000)
  region size 1024K, 13 young (13312K), 13 survivors (13312K)
 Metaspace       used 50966K, capacity 53482K, committed 53760K, reserved 1095680K
  class space    used 7012K, capacity 8079K, committed 8192K, reserved 1048576K
}
Event: 2,334 GC heap before
{Heap before GC invocations=6 (full 0):
 garbage-first heap   total 249856K, used 81320K [0x000000070f600000, 0x0000000800000000)
  region size 1024K, 61 young (62464K), 13 survivors (13312K)
 Metaspace       used 56785K, capacity 60143K, committed 60160K, reserved 1099776K
  class space    used 7837K, capacity 9208K, committed 9216K, reserved 1048576K
}
Event: 2,341 GC heap after
{Heap after GC invocations=7 (full 0):
 garbage-first heap   total 300032K, used 36369K [0x000000070f600000, 0x0000000800000000)
  region size 1024K, 13 young (13312K), 13 survivors (13312K)
 Metaspace       used 56785K, capacity 60143K, committed 60160K, reserved 1099776K
  class space    used 7837K, capacity 9208K, committed 9216K, reserved 1048576K
}

