# JRE version: OpenJDK Runtime Environment (11.0.16+8) (build 11.0.16+8-post-Ubuntu-0ubuntu122.04)
# Java VM: OpenJDK 64-Bit Server VM (11.0.16+8-post-Ubuntu-0ubuntu122.04, mixed mode, sharing, tiered, compressed oops, g1 gc, linux-amd64)
Heap:
 garbage-first heap   total 300032K, used 66573K [0x000000070f600000, 0x0000000800000000)
  region size 1024K, 33 young (33792K), 7 survivors (7168K)
 Metaspace       used 58520K, capacity 61733K, committed 61824K, reserved 1101824K
  class space    used 7955K, capacity 9273K, committed 9344K, reserved 1048576K
GC Heap History (12 events):
Event: 0,270 GC heap before
{Heap before GC invocations=0 (full 0):
 garbage-first heap   total 249856K, used 25292K [0x000000070f600000, 0x0000000800000000)
  region size 1024K, 24 young (24576K), 0 survivors (0K)
 Metaspace       used 5192K, capacity 8043K, committed 8320K, reserved 1056768K
  class space    used 504K, capacity 806K, committed 896K, reserved 1048576K
}
Event: 0,274 GC heap after
{Heap after GC invocations=1 (full 0):
 garbage-first heap   total 249856K, used 6703K [0x000000070f600000, 0x0000000800000000)
  region size 1024K, 3 young (3072K), 3 survivors (3072K)
 Metaspace       used 5192K, capacity 8043K, committed 8320K, reserved 1056768K
  class space    used 504K, capacity 806K, committed 896K, reserved 1048576K
}
Event: 1,176 GC heap before
{Heap before GC invocations=1 (full 0):
 garbage-first heap   total 249856K, used 100911K [0x000000070f600000, 0x0000000800000000)
  region size 1024K, 94 young (96256K), 3 survivors (3072K)
 Metaspace       used 20247K, capacity 21088K, committed 21248K, reserved 1067008K
  class space    used 2414K, capacity 2721K, committed 2816K, reserved 1048576K
}
Event: 1,187 GC heap after
{Heap after GC invocations=2 (full 0):
 garbage-first heap   total 249856K, used 20574K [0x000000070f600000, 0x0000000800000000)
  region size 1024K, 15 young (15360K), 15 survivors (15360K)
 Metaspace       used 20247K, capacity 21088K, committed 21248K, reserved 1067008K
  class space    used 2414K, capacity 2721K, committed 2816K, reserved 1048576K
}
Event: 1,872 GC heap before
{Heap before GC invocations=3 (full 0):
 garbage-first heap   total 249856K, used 73822K [0x000000070f600000, 0x0000000800000000)
  region size 1024K, 69 young (70656K), 15 survivors (15360K)
 Metaspace       used 34395K, capacity 35676K, committed 35840K, reserved 1079296K
  class space    used 4698K, capacity 5260K, committed 5376K, reserved 1048576K
}
Event: 1,880 GC heap after
{Heap after GC invocations=4 (full 0):
 garbage-first heap   total 249856K, used 24746K [0x000000070f600000, 0x0000000800000000)
  region size 1024K, 4 young (4096K), 4 survivors (4096K)
 Metaspace       used 34395K, capacity 35676K, committed 35840K, reserved 1079296K
  class space    used 4698K, capacity 5260K, committed 5376K, reserved 1048576K
}
Event: 2,405 GC heap before
{Heap before GC invocations=5 (full 0):
 garbage-first heap   total 249856K, used 121002K [0x000000070f600000, 0x0000000800000000)
  region size 1024K, 99 young (101376K), 4 survivors (4096K)
 Metaspace       used 50557K, capacity 53009K, committed 53120K, reserved 1093632K
  class space    used 6932K, capacity 7957K, committed 8064K, reserved 1048576K
}
Event: 2,411 GC heap after
{Heap after GC invocations=6 (full 0):
 garbage-first heap   total 249856K, used 33006K [0x000000070f600000, 0x0000000800000000)
  region size 1024K, 12 young (12288K), 12 survivors (12288K)
 Metaspace       used 50557K, capacity 53009K, committed 53120K, reserved 1093632K
  class space    used 6932K, capacity 7957K, committed 8064K, reserved 1048576K
}
Event: 2,652 GC heap before
{Heap before GC invocations=6 (full 0):
 garbage-first heap   total 249856K, used 79086K [0x000000070f600000, 0x0000000800000000)
  region size 1024K, 59 young (60416K), 12 survivors (12288K)
 Metaspace       used 56854K, capacity 60034K, committed 60160K, reserved 1099776K
  class space    used 7779K, capacity 9088K, committed 9088K, reserved 1048576K
}
Event: 2,662 GC heap after
{Heap after GC invocations=7 (full 0):
 garbage-first heap   total 300032K, used 36772K [0x000000070f600000, 0x0000000800000000)
  region size 1024K, 5 young (5120K), 5 survivors (5120K)
 Metaspace       used 56854K, capacity 60034K, committed 60160K, reserved 1099776K
  class space    used 7779K, capacity 9088K, committed 9088K, reserved 1048576K
}
Event: 3,227 GC heap before
{Heap before GC invocations=8 (full 0):
 garbage-first heap   total 300032K, used 161700K [0x000000070f600000, 0x0000000800000000)
  region size 1024K, 124 young (126976K), 5 survivors (5120K)
 Metaspace       used 58470K, capacity 61716K, committed 61824K, reserved 1101824K
  class space    used 7950K, capacity 9268K, committed 9344K, reserved 1048576K
}
Event: 3,230 GC heap after
{Heap after GC invocations=9 (full 0):
 garbage-first heap   total 300032K, used 40973K [0x000000070f600000, 0x0000000800000000)
  region size 1024K, 7 young (7168K), 7 survivors (7168K)
 Metaspace       used 58470K, capacity 61716K, committed 61824K, reserved 1101824K
  class space    used 7950K, capacity 9268K, committed 9344K, reserved 1048576K
}

