# JRE version: OpenJDK Runtime Environment (11.0.16+8) (build 11.0.16+8-post-Ubuntu-0ubuntu122.04)
# Java VM: OpenJDK 64-Bit Server VM (11.0.16+8-post-Ubuntu-0ubuntu122.04, mixed mode, sharing, tiered, compressed oops, g1 gc, linux-amd64)
Heap:
 garbage-first heap   total 300032K, used 48018K [0x000000070f600000, 0x0000000800000000)
  region size 1024K, 16 young (16384K), 7 survivors (7168K)
 Metaspace       used 58703K, capacity 62093K, committed 62208K, reserved 1101824K
  class space    used 8014K, capacity 9415K, committed 9472K, reserved 1048576K
GC Heap History (12 events):
Event: 0,229 GC heap before
{Heap before GC invocations=0 (full 0):
 garbage-first heap   total 249856K, used 25292K [0x000000070f600000, 0x0000000800000000)
  region size 1024K, 24 young (24576K), 0 survivors (0K)
 Metaspace       used 5290K, capacity 8171K, committed 8320K, reserved 1056768K
  class space    used 519K, capacity 806K, committed 896K, reserved 1048576K
}
Event: 0,232 GC heap after
{Heap after GC invocations=1 (full 0):
 garbage-first heap   total 249856K, used 6713K [0x000000070f600000, 0x0000000800000000)
  region size 1024K, 3 young (3072K), 3 survivors (3072K)
 Metaspace       used 5290K, capacity 8171K, committed 8320K, reserved 1056768K
  class space    used 519K, capacity 806K, committed 896K, reserved 1048576K
}
Event: 0,959 GC heap before
{Heap before GC invocations=1 (full 0):
 garbage-first heap   total 249856K, used 98873K [0x000000070f600000, 0x0000000800000000)
  region size 1024K, 92 young (94208K), 3 survivors (3072K)
 Metaspace       used 20251K, capacity 21084K, committed 21248K, reserved 1067008K
  class space    used 2420K, capacity 2720K, committed 2816K, reserved 1048576K
}
Event: 0,969 GC heap after
{Heap after GC invocations=2 (full 0):
 garbage-first heap   total 249856K, used 20456K [0x000000070f600000, 0x0000000800000000)
  region size 1024K, 15 young (15360K), 15 survivors (15360K)
 Metaspace       used 20251K, capacity 21084K, committed 21248K, reserved 1067008K
  class space    used 2420K, capacity 2720K, committed 2816K, reserved 1048576K
}
Event: 1,570 GC heap before
{Heap before GC invocations=3 (full 0):
 garbage-first heap   total 249856K, used 74728K [0x000000070f600000, 0x0000000800000000)
  region size 1024K, 69 young (70656K), 15 survivors (15360K)
 Metaspace       used 34367K, capacity 35676K, committed 35840K, reserved 1079296K
  class space    used 4698K, capacity 5260K, committed 5376K, reserved 1048576K
}
Event: 1,577 GC heap after
{Heap after GC invocations=4 (full 0):
 garbage-first heap   total 249856K, used 24021K [0x000000070f600000, 0x0000000800000000)
  region size 1024K, 4 young (4096K), 4 survivors (4096K)
 Metaspace       used 34367K, capacity 35676K, committed 35840K, reserved 1079296K
  class space    used 4698K, capacity 5260K, committed 5376K, reserved 1048576K
}
Event: 2,025 GC heap before
{Heap before GC invocations=5 (full 0):
 garbage-first heap   total 249856K, used 118229K [0x000000070f600000, 0x0000000800000000)
  region size 1024K, 97 young (99328K), 4 survivors (4096K)
 Metaspace       used 50139K, capacity 52631K, committed 52864K, reserved 1093632K
  class space    used 6937K, capacity 7997K, committed 8064K, reserved 1048576K
}
Event: 2,030 GC heap after
{Heap after GC invocations=6 (full 0):
 garbage-first heap   total 249856K, used 32439K [0x000000070f600000, 0x0000000800000000)
  region size 1024K, 13 young (13312K), 13 survivors (13312K)
 Metaspace       used 50139K, capacity 52631K, committed 52864K, reserved 1093632K
  class space    used 6937K, capacity 7997K, committed 8064K, reserved 1048576K
}
Event: 2,256 GC heap before
{Heap before GC invocations=6 (full 0):
 garbage-first heap   total 249856K, used 81591K [0x000000070f600000, 0x0000000800000000)
  region size 1024K, 63 young (64512K), 13 survivors (13312K)
 Metaspace       used 56831K, capacity 60010K, committed 60160K, reserved 1099776K
  class space    used 7794K, capacity 9136K, committed 9216K, reserved 1048576K
}
Event: 2,263 GC heap after
{Heap after GC invocations=7 (full 0):
 garbage-first heap   total 300032K, used 36413K [0x000000070f600000, 0x0000000800000000)
  region size 1024K, 5 young (5120K), 5 survivors (5120K)
 Metaspace       used 56831K, capacity 60010K, committed 60160K, reserved 1099776K
  class space    used 7794K, capacity 9136K, committed 9216K, reserved 1048576K
}
Event: 2,741 GC heap before
{Heap before GC invocations=8 (full 0):
 garbage-first heap   total 300032K, used 177725K [0x000000070f600000, 0x0000000800000000)
  region size 1024K, 140 young (143360K), 5 survivors (5120K)
 Metaspace       used 58696K, capacity 62093K, committed 62208K, reserved 1101824K
  class space    used 8014K, capacity 9415K, committed 9472K, reserved 1048576K
}
Event: 2,744 GC heap after
{Heap after GC invocations=9 (full 0):
 garbage-first heap   total 300032K, used 40850K [0x000000070f600000, 0x0000000800000000)
  region size 1024K, 7 young (7168K), 7 survivors (7168K)
 Metaspace       used 58696K, capacity 62093K, committed 62208K, reserved 1101824K
  class space    used 8014K, capacity 9415K, committed 9472K, reserved 1048576K
}

